{"/Users/kennethsolomon/Herd/watch-anime/resources/js/Components/Toast.tsx": {"path":"/Users/kennethsolomon/Herd/watch-anime/resources/js/Components/Toast.tsx","statementMap":{"0":{"start":{"line":4,"column":50},"end":{"line":20,"column":null}},"1":{"start":{"line":22,"column":48},"end":{"line":26,"column":null}},"2":{"start":{"line":34,"column":30},"end":{"line":34,"column":null}},"3":{"start":{"line":35,"column":30},"end":{"line":35,"column":null}},"4":{"start":{"line":36,"column":10},"end":{"line":36,"column":null}},"5":{"start":{"line":37,"column":10},"end":{"line":37,"column":null}},"6":{"start":{"line":38,"column":10},"end":{"line":38,"column":null}},"7":{"start":{"line":41,"column":4},"end":{"line":44,"column":null}},"8":{"start":{"line":42,"column":22},"end":{"line":42,"column":null}},"9":{"start":{"line":42,"column":50},"end":{"line":42,"column":66}},"10":{"start":{"line":43,"column":8},"end":{"line":43,"column":null}},"11":{"start":{"line":43,"column":21},"end":{"line":43,"column":null}},"12":{"start":{"line":47,"column":26},"end":{"line":50,"column":null}},"13":{"start":{"line":48,"column":8},"end":{"line":48,"column":null}},"14":{"start":{"line":49,"column":8},"end":{"line":49,"column":null}},"15":{"start":{"line":49,"column":25},"end":{"line":49,"column":46}},"16":{"start":{"line":53,"column":29},"end":{"line":56,"column":null}},"17":{"start":{"line":54,"column":8},"end":{"line":54,"column":null}},"18":{"start":{"line":55,"column":8},"end":{"line":55,"column":null}},"19":{"start":{"line":58,"column":28},"end":{"line":66,"column":null}},"20":{"start":{"line":59,"column":8},"end":{"line":59,"column":null}},"21":{"start":{"line":59,"column":42},"end":{"line":59,"column":null}},"22":{"start":{"line":60,"column":21},"end":{"line":60,"column":null}},"23":{"start":{"line":61,"column":8},"end":{"line":61,"column":null}},"24":{"start":{"line":62,"column":8},"end":{"line":65,"column":null}},"25":{"start":{"line":63,"column":12},"end":{"line":63,"column":null}},"26":{"start":{"line":64,"column":12},"end":{"line":64,"column":null}},"27":{"start":{"line":68,"column":27},"end":{"line":76,"column":null}},"28":{"start":{"line":69,"column":8},"end":{"line":74,"column":null}},"29":{"start":{"line":70,"column":12},"end":{"line":70,"column":null}},"30":{"start":{"line":71,"column":8},"end":{"line":74,"column":null}},"31":{"start":{"line":72,"column":12},"end":{"line":72,"column":null}},"32":{"start":{"line":73,"column":12},"end":{"line":73,"column":null}},"33":{"start":{"line":75,"column":8},"end":{"line":75,"column":null}},"34":{"start":{"line":78,"column":4},"end":{"line":106,"column":null}},"35":{"start":{"line":96,"column":20},"end":{"line":96,"column":null}},"36":{"start":{"line":97,"column":20},"end":{"line":97,"column":null}}},"fnMap":{"0":{"name":"Toast","decl":{"start":{"line":33,"column":24},"end":{"line":33,"column":30}},"loc":{"start":{"line":33,"column":64},"end":{"line":108,"column":null}},"line":33},"1":{"name":"(anonymous_1)","decl":{"start":{"line":41,"column":14},"end":{"line":41,"column":20}},"loc":{"start":{"line":41,"column":20},"end":{"line":44,"column":7}},"line":41},"2":{"name":"(anonymous_2)","decl":{"start":{"line":42,"column":44},"end":{"line":42,"column":50}},"loc":{"start":{"line":42,"column":50},"end":{"line":42,"column":66}},"line":42},"3":{"name":"(anonymous_3)","decl":{"start":{"line":43,"column":15},"end":{"line":43,"column":21}},"loc":{"start":{"line":43,"column":21},"end":{"line":43,"column":null}},"line":43},"4":{"name":"(anonymous_4)","decl":{"start":{"line":47,"column":26},"end":{"line":47,"column":32}},"loc":{"start":{"line":47,"column":32},"end":{"line":50,"column":null}},"line":47},"5":{"name":"(anonymous_5)","decl":{"start":{"line":49,"column":19},"end":{"line":49,"column":25}},"loc":{"start":{"line":49,"column":25},"end":{"line":49,"column":46}},"line":49},"6":{"name":"(anonymous_6)","decl":{"start":{"line":53,"column":29},"end":{"line":53,"column":30}},"loc":{"start":{"line":53,"column":54},"end":{"line":56,"column":null}},"line":53},"7":{"name":"(anonymous_7)","decl":{"start":{"line":58,"column":28},"end":{"line":58,"column":29}},"loc":{"start":{"line":58,"column":53},"end":{"line":66,"column":null}},"line":58},"8":{"name":"(anonymous_8)","decl":{"start":{"line":68,"column":27},"end":{"line":68,"column":33}},"loc":{"start":{"line":68,"column":33},"end":{"line":76,"column":null}},"line":68},"9":{"name":"(anonymous_9)","decl":{"start":{"line":95,"column":25},"end":{"line":95,"column":26}},"loc":{"start":{"line":95,"column":32},"end":{"line":98,"column":null}},"line":95}},"branchMap":{"0":{"loc":{"start":{"line":59,"column":8},"end":{"line":59,"column":null}},"type":"if","locations":[{"start":{"line":59,"column":8},"end":{"line":59,"column":null}},{"start":{},"end":{}}],"line":59},"1":{"loc":{"start":{"line":62,"column":8},"end":{"line":65,"column":null}},"type":"if","locations":[{"start":{"line":62,"column":8},"end":{"line":65,"column":null}},{"start":{},"end":{}}],"line":62},"2":{"loc":{"start":{"line":62,"column":12},"end":{"line":62,"column":42}},"type":"binary-expr","locations":[{"start":{"line":62,"column":12},"end":{"line":62,"column":32}},{"start":{"line":62,"column":32},"end":{"line":62,"column":42}}],"line":62},"3":{"loc":{"start":{"line":69,"column":8},"end":{"line":74,"column":null}},"type":"if","locations":[{"start":{"line":69,"column":8},"end":{"line":74,"column":null}},{"start":{"line":71,"column":8},"end":{"line":74,"column":null}}],"line":69},"4":{"loc":{"start":{"line":71,"column":8},"end":{"line":74,"column":null}},"type":"if","locations":[{"start":{"line":71,"column":8},"end":{"line":74,"column":null}},{"start":{},"end":{}}],"line":71},"5":{"loc":{"start":{"line":87,"column":16},"end":{"line":89,"column":null}},"type":"cond-expr","locations":[{"start":{"line":88,"column":22},"end":{"line":88,"column":null}},{"start":{"line":89,"column":22},"end":{"line":89,"column":null}}],"line":87},"6":{"loc":{"start":{"line":87,"column":16},"end":{"line":87,"column":null}},"type":"binary-expr","locations":[{"start":{"line":87,"column":16},"end":{"line":87,"column":27}},{"start":{"line":87,"column":27},"end":{"line":87,"column":null}}],"line":87}},"s":{"0":1,"1":1,"2":11,"3":11,"4":11,"5":11,"6":11,"7":11,"8":9,"9":3,"10":9,"11":9,"12":11,"13":2,"14":2,"15":2,"16":11,"17":0,"18":0,"19":11,"20":0,"21":0,"22":0,"23":0,"24":0,"25":0,"26":0,"27":11,"28":0,"29":0,"30":0,"31":0,"32":0,"33":0,"34":11,"35":1,"36":1},"f":{"0":11,"1":9,"2":3,"3":9,"4":2,"5":2,"6":0,"7":0,"8":0,"9":1},"b":{"0":[0,0],"1":[0,0],"2":[0,0],"3":[0,0],"4":[0,0],"5":[0,11],"6":[11,0]},"meta":{"lastBranch":7,"lastFunction":10,"lastStatement":37,"seen":{"s:4:50:20:Infinity":0,"s:22:48:26:Infinity":1,"f:33:24:33:30":0,"s:34:30:34:Infinity":2,"s:35:30:35:Infinity":3,"s:36:10:36:Infinity":4,"s:37:10:37:Infinity":5,"s:38:10:38:Infinity":6,"s:41:4:44:Infinity":7,"f:41:14:41:20":1,"s:42:22:42:Infinity":8,"f:42:44:42:50":2,"s:42:50:42:66":9,"s:43:8:43:Infinity":10,"f:43:15:43:21":3,"s:43:21:43:Infinity":11,"s:47:26:50:Infinity":12,"f:47:26:47:32":4,"s:48:8:48:Infinity":13,"s:49:8:49:Infinity":14,"f:49:19:49:25":5,"s:49:25:49:46":15,"s:53:29:56:Infinity":16,"f:53:29:53:30":6,"s:54:8:54:Infinity":17,"s:55:8:55:Infinity":18,"s:58:28:66:Infinity":19,"f:58:28:58:29":7,"b:59:8:59:Infinity:undefined:undefined:undefined:undefined":0,"s:59:8:59:Infinity":20,"s:59:42:59:Infinity":21,"s:60:21:60:Infinity":22,"s:61:8:61:Infinity":23,"b:62:8:65:Infinity:undefined:undefined:undefined:undefined":1,"s:62:8:65:Infinity":24,"b:62:12:62:32:62:32:62:42":2,"s:63:12:63:Infinity":25,"s:64:12:64:Infinity":26,"s:68:27:76:Infinity":27,"f:68:27:68:33":8,"b:69:8:74:Infinity:71:8:74:Infinity":3,"s:69:8:74:Infinity":28,"s:70:12:70:Infinity":29,"b:71:8:74:Infinity:undefined:undefined:undefined:undefined":4,"s:71:8:74:Infinity":30,"s:72:12:72:Infinity":31,"s:73:12:73:Infinity":32,"s:75:8:75:Infinity":33,"s:78:4:106:Infinity":34,"b:88:22:88:Infinity:89:22:89:Infinity":5,"b:87:16:87:27:87:27:87:Infinity":6,"f:95:25:95:26":9,"s:96:20:96:Infinity":35,"s:97:20:97:Infinity":36}}}
,"/Users/kennethsolomon/Herd/watch-anime/resources/js/Components/ToastContainer.tsx": {"path":"/Users/kennethsolomon/Herd/watch-anime/resources/js/Components/ToastContainer.tsx","statementMap":{"0":{"start":{"line":10,"column":4},"end":{"line":10,"column":null}},"1":{"start":{"line":10,"column":29},"end":{"line":10,"column":null}},"2":{"start":{"line":12,"column":4},"end":{"line":23,"column":null}},"3":{"start":{"line":19,"column":16},"end":{"line":21,"column":null}}},"fnMap":{"0":{"name":"ToastContainer","decl":{"start":{"line":9,"column":24},"end":{"line":9,"column":39}},"loc":{"start":{"line":9,"column":83},"end":{"line":25,"column":null}},"line":9},"1":{"name":"(anonymous_1)","decl":{"start":{"line":18,"column":24},"end":{"line":18,"column":25}},"loc":{"start":{"line":19,"column":16},"end":{"line":21,"column":null}},"line":19}},"branchMap":{"0":{"loc":{"start":{"line":10,"column":4},"end":{"line":10,"column":null}},"type":"if","locations":[{"start":{"line":10,"column":4},"end":{"line":10,"column":null}},{"start":{},"end":{}}],"line":10}},"s":{"0":17,"1":10,"2":7,"3":9},"f":{"0":17,"1":9},"b":{"0":[10,7]},"meta":{"lastBranch":1,"lastFunction":2,"lastStatement":4,"seen":{"f:9:24:9:39":0,"b:10:4:10:Infinity:undefined:undefined:undefined:undefined":0,"s:10:4:10:Infinity":0,"s:10:29:10:Infinity":1,"s:12:4:23:Infinity":2,"f:18:24:18:25":1,"s:19:16:21:Infinity":3}}}
,"/Users/kennethsolomon/Herd/watch-anime/resources/js/Components/ToastContext.tsx": {"path":"/Users/kennethsolomon/Herd/watch-anime/resources/js/Components/ToastContext.tsx","statementMap":{"0":{"start":{"line":21,"column":6},"end":{"line":21,"column":null}},"1":{"start":{"line":23,"column":19},"end":{"line":23,"column":null}},"2":{"start":{"line":26,"column":28},"end":{"line":26,"column":null}},"3":{"start":{"line":28,"column":10},"end":{"line":30,"column":null}},"4":{"start":{"line":29,"column":8},"end":{"line":29,"column":null}},"5":{"start":{"line":29,"column":28},"end":{"line":29,"column":59}},"6":{"start":{"line":29,"column":47},"end":{"line":29,"column":58}},"7":{"start":{"line":32,"column":10},"end":{"line":50,"column":null}},"8":{"start":{"line":34,"column":23},"end":{"line":34,"column":null}},"9":{"start":{"line":35,"column":33},"end":{"line":35,"column":null}},"10":{"start":{"line":37,"column":12},"end":{"line":44,"column":null}},"11":{"start":{"line":38,"column":29},"end":{"line":38,"column":null}},"12":{"start":{"line":40,"column":16},"end":{"line":42,"column":null}},"13":{"start":{"line":41,"column":20},"end":{"line":41,"column":null}},"14":{"start":{"line":43,"column":16},"end":{"line":43,"column":null}},"15":{"start":{"line":47,"column":12},"end":{"line":47,"column":null}},"16":{"start":{"line":47,"column":29},"end":{"line":47,"column":46}},"17":{"start":{"line":52,"column":10},"end":{"line":55,"column":null}},"18":{"start":{"line":53,"column":29},"end":{"line":53,"column":null}},"19":{"start":{"line":56,"column":10},"end":{"line":59,"column":null}},"20":{"start":{"line":57,"column":29},"end":{"line":57,"column":null}},"21":{"start":{"line":60,"column":10},"end":{"line":63,"column":null}},"22":{"start":{"line":61,"column":29},"end":{"line":61,"column":null}},"23":{"start":{"line":65,"column":4},"end":{"line":71,"column":null}},"24":{"start":{"line":76,"column":10},"end":{"line":76,"column":null}},"25":{"start":{"line":77,"column":4},"end":{"line":79,"column":null}},"26":{"start":{"line":78,"column":8},"end":{"line":78,"column":null}},"27":{"start":{"line":80,"column":4},"end":{"line":80,"column":null}}},"fnMap":{"0":{"name":"ToastProvider","decl":{"start":{"line":25,"column":16},"end":{"line":25,"column":30}},"loc":{"start":{"line":25,"column":75},"end":{"line":73,"column":null}},"line":25},"1":{"name":"(anonymous_1)","decl":{"start":{"line":28,"column":36},"end":{"line":28,"column":37}},"loc":{"start":{"line":28,"column":52},"end":{"line":30,"column":7}},"line":28},"2":{"name":"(anonymous_2)","decl":{"start":{"line":29,"column":18},"end":{"line":29,"column":19}},"loc":{"start":{"line":29,"column":28},"end":{"line":29,"column":59}},"line":29},"3":{"name":"(anonymous_3)","decl":{"start":{"line":29,"column":40},"end":{"line":29,"column":41}},"loc":{"start":{"line":29,"column":47},"end":{"line":29,"column":58}},"line":29},"4":{"name":"(anonymous_4)","decl":{"start":{"line":33,"column":8},"end":{"line":33,"column":9}},"loc":{"start":{"line":33,"column":46},"end":{"line":48,"column":null}},"line":33},"5":{"name":"(anonymous_5)","decl":{"start":{"line":37,"column":22},"end":{"line":37,"column":23}},"loc":{"start":{"line":37,"column":32},"end":{"line":44,"column":13}},"line":37},"6":{"name":"(anonymous_6)","decl":{"start":{"line":47,"column":23},"end":{"line":47,"column":29}},"loc":{"start":{"line":47,"column":29},"end":{"line":47,"column":46}},"line":47},"7":{"name":"(anonymous_7)","decl":{"start":{"line":53,"column":8},"end":{"line":53,"column":9}},"loc":{"start":{"line":53,"column":29},"end":{"line":53,"column":null}},"line":53},"8":{"name":"(anonymous_8)","decl":{"start":{"line":57,"column":8},"end":{"line":57,"column":9}},"loc":{"start":{"line":57,"column":29},"end":{"line":57,"column":null}},"line":57},"9":{"name":"(anonymous_9)","decl":{"start":{"line":61,"column":8},"end":{"line":61,"column":9}},"loc":{"start":{"line":61,"column":29},"end":{"line":61,"column":null}},"line":61},"10":{"name":"useToast","decl":{"start":{"line":75,"column":16},"end":{"line":75,"column":46}},"loc":{"start":{"line":75,"column":46},"end":{"line":81,"column":null}},"line":75}},"branchMap":{"0":{"loc":{"start":{"line":40,"column":16},"end":{"line":42,"column":null}},"type":"if","locations":[{"start":{"line":40,"column":16},"end":{"line":42,"column":null}},{"start":{},"end":{}}],"line":40},"1":{"loc":{"start":{"line":77,"column":4},"end":{"line":79,"column":null}},"type":"if","locations":[{"start":{"line":77,"column":4},"end":{"line":79,"column":null}},{"start":{},"end":{}}],"line":77}},"s":{"0":1,"1":1,"2":17,"3":17,"4":3,"5":3,"6":3,"7":17,"8":10,"9":10,"10":10,"11":10,"12":10,"13":1,"14":9,"15":10,"16":1,"17":17,"18":6,"19":17,"20":2,"21":17,"22":2,"23":17,"24":22,"25":22,"26":4,"27":17},"f":{"0":17,"1":3,"2":3,"3":3,"4":10,"5":10,"6":1,"7":6,"8":2,"9":2,"10":22},"b":{"0":[1,9],"1":[4,18]},"meta":{"lastBranch":2,"lastFunction":11,"lastStatement":28,"seen":{"s:21:6:21:Infinity":0,"s:23:19:23:Infinity":1,"f:25:16:25:30":0,"s:26:28:26:Infinity":2,"s:28:10:30:Infinity":3,"f:28:36:28:37":1,"s:29:8:29:Infinity":4,"f:29:18:29:19":2,"s:29:28:29:59":5,"f:29:40:29:41":3,"s:29:47:29:58":6,"s:32:10:50:Infinity":7,"f:33:8:33:9":4,"s:34:23:34:Infinity":8,"s:35:33:35:Infinity":9,"s:37:12:44:Infinity":10,"f:37:22:37:23":5,"s:38:29:38:Infinity":11,"b:40:16:42:Infinity:undefined:undefined:undefined:undefined":0,"s:40:16:42:Infinity":12,"s:41:20:41:Infinity":13,"s:43:16:43:Infinity":14,"s:47:12:47:Infinity":15,"f:47:23:47:29":6,"s:47:29:47:46":16,"s:52:10:55:Infinity":17,"f:53:8:53:9":7,"s:53:29:53:Infinity":18,"s:56:10:59:Infinity":19,"f:57:8:57:9":8,"s:57:29:57:Infinity":20,"s:60:10:63:Infinity":21,"f:61:8:61:9":9,"s:61:29:61:Infinity":22,"s:65:4:71:Infinity":23,"f:75:16:75:46":10,"s:76:10:76:Infinity":24,"b:77:4:79:Infinity:undefined:undefined:undefined:undefined":1,"s:77:4:79:Infinity":25,"s:78:8:78:Infinity":26,"s:80:4:80:Infinity":27}}}
}
